<?xml version="1.0" encoding="UTF-8"?>
<?xml-stylesheet type="text/xsl" href="junit.xsl"?>
<testsuites>
  <meta_test_info page_active="no-links" link_url=""/>
  <testsuite name="pre_suite" tests="1" errors="0" failures="0" skipped="0" pending="0" total="1" time="12.434698">
    <properties>
[...]
</properties>
    <testcase classname="." name="provision.rb" time="12.433876">
      <system-out><![CDATA[localhost $ scp /tmp/beaker20160915-5325-9mb45t centos7-64-1:/tmp/apply_manifest.pp.Up2P2E {:ignore => }
Begin teardown
End teardown
]]></system-out>
    </testcase>
  </testsuite>
<meta_test_info page_active="no-links" link_url=""/><testsuite name="tests" tests="2" errors="0" failures="1" skipped="0" pending="0" total="2" time="123.629039"><properties>
[...]
</properties><testcase classname="." name="test.rb" time="2.281362"><system-out><![CDATA[
test for httpd
  
  * make sure process is running
Begin teardown
End teardown
]]></system-out></testcase><testcase classname="." name="test2.rb" time="121.346919"><failure type="fail" message="Expected: true&#10;  Actual: false"><![CDATA[/home/thomas/.gem/ruby/gems/minitest-5.5.1/lib/minitest/assertions.rb:130:in `assert'\n/home/thomas/.gem/ruby/gems/minitest-5.5.1/lib/minitest/assertions.rb:164:in `assert_equal'\ntest2.rb:9:in `block (3 levels) in run_test'\ntest2.rb:6:in `each'\ntest2.rb:6:in `block (2 levels) in run_test'\n/home/thomas/.gem/ruby/gems/beaker-2.50.0/lib/beaker/dsl/structure.rb:58:in `test_name'\ntest2.rb:1:in `block in run_test'\n/home/thomas/.gem/ruby/gems/beaker-2.50.0/lib/beaker/test_case.rb:133:in `eval'\n/home/thomas/.gem/ruby/gems/beaker-2.50.0/lib/beaker/test_case.rb:133:in `block in run_test'\n/usr/share/ruby/benchmark.rb:308:in `realtime'\n/home/thomas/.gem/ruby/gems/beaker-2.50.0/lib/beaker/test_case.rb:130:in `run_test'\n/home/thomas/.gem/ruby/gems/beaker-2.50.0/lib/beaker/test_suite.rb:325:in `block in run'\n/home/thomas/.gem/ruby/gems/beaker-2.50.0/lib/beaker/test_suite.rb:322:in `each'\n/home/thomas/.gem/ruby/gems/beaker-2.50.0/lib/beaker/test_suite.rb:322:in `run'\n/home/thomas/.gem/ruby/gems/beaker-2.50.0/lib/beaker/test_suite.rb:371:in `run_and_raise_on_failure'\n/home/thomas/.gem/ruby/gems/beaker-2.50.0/lib/beaker/cli.rb:174:in `run_suite'\n/home/thomas/.gem/ruby/gems/beaker-2.50.0/lib/beaker/cli.rb:100:in `execute!'\n/home/thomas/.gem/ruby/gems/beaker-2.50.0/bin/beaker:6:in `<top (required)>'\n/home/thomas/bin/beaker:23:in `load'\n/home/thomas/bin/beaker:23:in `<main>']]></failure><system-out><![CDATA[
test for port 80
  Minitest::Assertion: Expected: true
    Actual: false
  /home/thomas/narrabilis/mpli/code/6/beaker/test2.rb:9
  /home/thomas/narrabilis/mpli/code/6/beaker/test2.rb:6
  /home/thomas/narrabilis/mpli/code/6/beaker/test2.rb:6
  /home/thomas/narrabilis/mpli/code/6/beaker/test2.rb:1
  /home/thomas/.gem/ruby/gems/beaker-2.50.0/bin/beaker:6
  Begin teardown
  End teardown
]]></system-out></testcase></testsuite></testsuites>
