<?xml version="1.0" encoding="UTF-8"?>
<?xml-stylesheet type="text/xsl" href="junit.xsl"?>
<testsuites>
  <meta_test_info page_active="no-links" link_url=""/>
  <testsuite name="tests" tests="1" errors="1" failures="0" skipped="0" pending="0" total="1" time="16.138911">
    <properties>
[...]
</properties>
    <testcase classname="." name="test.rb" time="16.137950">
      <failure type="error" message="undefined method `port_open' for #&lt;Unix::Host:0x0055f0c6d6e388&gt;"><![CDATA[test.rb:19:in `block (2 levels) in run_test'\ntest.rb:13:in `each'\ntest.rb:13:in `block in run_test'\n/home/thomas/.gem/ruby/gems/beaker-2.50.0/lib/beaker/test_case.rb:133:in `eval'\n/home/thomas/.gem/ruby/gems/beaker-2.50.0/lib/beaker/test_case.rb:133:in `block in run_test'\n/usr/share/ruby/benchmark.rb:308:in `realtime'\n/home/thomas/.gem/ruby/gems/beaker-2.50.0/lib/beaker/test_case.rb:130:in `run_test'\n/home/thomas/.gem/ruby/gems/beaker-2.50.0/lib/beaker/test_suite.rb:325:in `block in run'\n/home/thomas/.gem/ruby/gems/beaker-2.50.0/lib/beaker/test_suite.rb:322:in `each'\n/home/thomas/.gem/ruby/gems/beaker-2.50.0/lib/beaker/test_suite.rb:322:in `run'\n/home/thomas/.gem/ruby/gems/beaker-2.50.0/lib/beaker/test_suite.rb:371:in `run_and_raise_on_failure'\n/home/thomas/.gem/ruby/gems/beaker-2.50.0/lib/beaker/cli.rb:174:in `run_suite'\n/home/thomas/.gem/ruby/gems/beaker-2.50.0/lib/beaker/cli.rb:100:in `execute!'\n/home/thomas/.gem/ruby/gems/beaker-2.50.0/bin/beaker:6:in `<top (required)>'\n/home/thomas/bin/beaker:23:in `load'\n/home/thomas/bin/beaker:23:in `<main>']]></failure>
      <system-out><![CDATA[
test for httpd

* provision

centos7-64-1 08:59:23$ mktemp -t apply_manifest.pp.XXXXXX
  /tmp/apply_manifest.pp.tWYsBN

centos7-64-1 executed in 0.04 seconds
localhost $ scp /tmp/beaker20160906-1531-i2f852 centos7-64-1:/tmp/apply_manifest.pp.tWYsBN {:ignore => }

centos7-64-1 08:59:23$ puppet apply --verbose /tmp/apply_manifest.pp.tWYsBN
  Notice: Compiled catalog for centos7-64-1.hsd1.wa.comcast.net in environment production in 1.28 seconds
  Info: Applying configuration version '1473177567'
  Notice: /Stage[main]/Main/Package[httpd]/ensure: created
  Notice: /Stage[main]/Main/Service[httpd]/ensure: ensure changed 'stopped' to 'running'
  Info: /Stage[main]/Main/Service[httpd]: Unscheduling refresh on Service[httpd]
  Info: Creating state file /opt/puppetlabs/puppet/cache/state/state.yaml
  Notice: Applied catalog in 8.06 seconds

centos7-64-1 executed in 13.72 seconds

* make sure process is running

centos7-64-1 08:59:36$ bash -c 'systemctl restart httpd'

centos7-64-1 executed in 1.12 seconds

centos7-64-1 08:59:38$ bash -c 'systemctl restart httpd'

centos7-64-1 executed in 1.10 seconds

centos7-64-1 08:59:39$ bash -c '[[ $(ps auxww | grep httpd |wc -l) -gt 1 ]]'

centos7-64-1 executed in 0.05 seconds
NoMethodError: undefined method `port_open' for #<Unix::Host:0x0055f0c6d6e388>
/home/thomas/narrabilis/mpli/code/6/beaker/test.rb:19
/home/thomas/narrabilis/mpli/code/6/beaker/test.rb:13
/home/thomas/narrabilis/mpli/code/6/beaker/test.rb:13
/home/thomas/.gem/ruby/gems/beaker-2.50.0/lib/beaker/test_case.rb:133
/home/thomas/.gem/ruby/gems/beaker-2.50.0/lib/beaker/test_case.rb:133
/usr/share/ruby/benchmark.rb:308
/home/thomas/.gem/ruby/gems/beaker-2.50.0/lib/beaker/test_case.rb:130
/home/thomas/.gem/ruby/gems/beaker-2.50.0/lib/beaker/test_suite.rb:325
/home/thomas/.gem/ruby/gems/beaker-2.50.0/lib/beaker/test_suite.rb:322
/home/thomas/.gem/ruby/gems/beaker-2.50.0/lib/beaker/test_suite.rb:322
/home/thomas/.gem/ruby/gems/beaker-2.50.0/lib/beaker/test_suite.rb:371
/home/thomas/.gem/ruby/gems/beaker-2.50.0/lib/beaker/cli.rb:174
/home/thomas/.gem/ruby/gems/beaker-2.50.0/lib/beaker/cli.rb:100
/home/thomas/.gem/ruby/gems/beaker-2.50.0/bin/beaker:6
/home/thomas/bin/beaker:23
/home/thomas/bin/beaker:23
Begin teardown
End teardown
]]></system-out>
    </testcase>
  </testsuite>
</testsuites>
